<?xml version="1.0" encoding="UTF-8"?>
<!-- Generated by org.testng.reporters.JUnitReportReporter -->
<testsuite hostname="LAPTOP-PLNO5R2G" failures="0" tests="2" name="com.qa.ninjatutorials.testcases.LoginTest_InvalidCredentials" time="5.223" errors="0" timestamp="2023-03-26T13:33:46 PDT" skipped="0">
  <testcase classname="com.qa.ninjatutorials.testcases.LoginTest_InvalidCredentials" name="clickMyAccountAndLogin" time="0.481"/>
  <system-out/>
  <testcase classname="com.qa.ninjatutorials.testcases.LoginTest_InvalidCredentials" name="logInWithValidCredentials" time="4.742"/>
  <system-out/>
</testsuite> <!-- com.qa.ninjatutorials.testcases.LoginTest_InvalidCredentials -->
