<?xml version="1.0" encoding="UTF-8"?>
<!-- Generated by org.testng.reporters.JUnitReportReporter -->
<testsuite hostname="LAPTOP-PLNO5R2G" failures="0" tests="2" name="com.qa.ninjatutorials.testcases.LoginTest_NoCredentials" time="5.068" errors="0" timestamp="2023-03-26T13:55:10 PDT" skipped="0">
  <testcase classname="com.qa.ninjatutorials.testcases.LoginTest_NoCredentials" name="clickMyAccountAndLogin" time="0.440"/>
  <system-out/>
  <testcase classname="com.qa.ninjatutorials.testcases.LoginTest_NoCredentials" name="logInWithNoCredentials" time="4.628"/>
  <system-out/>
</testsuite> <!-- com.qa.ninjatutorials.testcases.LoginTest_NoCredentials -->
