<?xml version="1.0" encoding="UTF-8"?>
<!-- Generated by org.testng.reporters.JUnitReportReporter -->
<testsuite hostname="LAPTOP-PLNO5R2G" failures="0" tests="5" name="com.qa.ninjatutorials.testcases.LoginTest" time="58.348" errors="0" timestamp="2023-03-27T13:19:34 PDT" skipped="0">
  <testcase classname="com.qa.ninjatutorials.testcases.LoginTest" name="logInWithValidCredentials" time="9.275"/>
  <system-out/>
  <testcase classname="com.qa.ninjatutorials.testcases.LoginTest" name="logInWithInvalidCredentials" time="14.795"/>
  <system-out/>
  <testcase classname="com.qa.ninjatutorials.testcases.LoginTest" name="logInWithInvalidEmailValidPassword" time="11.473"/>
  <system-out/>
  <testcase classname="com.qa.ninjatutorials.testcases.LoginTest" name="logInWithValidEmailInValidPassword" time="11.550"/>
  <system-out/>
  <testcase classname="com.qa.ninjatutorials.testcases.LoginTest" name="logInWithNoCredentials" time="11.255"/>
  <system-out/>
</testsuite> <!-- com.qa.ninjatutorials.testcases.LoginTest -->
